<?xml version="1.0" encoding="UTF-8"?>
<coverage generated="1666018786577" clover="3.2.0">
  <project timestamp="1666018786577" name="All files">
    <metrics statements="102" coveredstatements="86" conditionals="16" coveredconditionals="9" methods="24" coveredmethods="19" elements="142" coveredelements="114" complexity="0" loc="102" ncloc="102" packages="6" files="10" classes="10"/>
    <package name="src.business">
      <metrics statements="39" coveredstatements="36" conditionals="12" coveredconditionals="7" methods="6" coveredmethods="6"/>
      <file name="ProductBusiness.ts" path="/home/gabrielwenchenck/alves-Gabriel-Carvalho/modulo6/case-amaro/src/business/ProductBusiness.ts">
        <metrics statements="39" coveredstatements="36" conditionals="12" coveredconditionals="7" methods="6" coveredmethods="6"/>
        <line num="1" count="2" type="stmt"/>
        <line num="10" count="2" type="stmt"/>
        <line num="12" count="2" type="stmt"/>
        <line num="13" count="2" type="stmt"/>
        <line num="15" count="2" type="stmt"/>
        <line num="17" count="2" type="stmt"/>
        <line num="18" count="2" type="stmt"/>
        <line num="19" count="2" type="stmt"/>
        <line num="22" count="2" type="stmt"/>
        <line num="23" count="1" type="stmt"/>
        <line num="24" count="25" type="stmt"/>
        <line num="26" count="1" type="stmt"/>
        <line num="27" count="25" type="stmt"/>
        <line num="30" count="1" type="stmt"/>
        <line num="31" count="25" type="stmt"/>
        <line num="34" count="1" type="stmt"/>
        <line num="35" count="25" type="stmt"/>
        <line num="38" count="1" type="stmt"/>
        <line num="40" count="1" type="stmt"/>
        <line num="42" count="1" type="stmt"/>
        <line num="46" count="1" type="stmt"/>
        <line num="49" count="2" type="stmt"/>
        <line num="50" count="2" type="stmt"/>
        <line num="51" count="2" type="cond" truecount="2" falsecount="0"/>
        <line num="52" count="2" type="cond" truecount="1" falsecount="1"/>
        <line num="53" count="2" type="cond" truecount="1" falsecount="1"/>
        <line num="54" count="2" type="cond" truecount="1" falsecount="1"/>
        <line num="55" count="2" type="cond" truecount="1" falsecount="1"/>
        <line num="57" count="2" type="stmt"/>
        <line num="59" count="2" type="stmt"/>
        <line num="61" count="2" type="cond" truecount="1" falsecount="0"/>
        <line num="62" count="1" type="stmt"/>
        <line num="65" count="1" type="stmt"/>
        <line num="73" count="1" type="stmt"/>
        <line num="76" count="1" type="cond" truecount="0" falsecount="1"/>
        <line num="77" count="0" type="stmt"/>
        <line num="80" count="1" type="stmt"/>
        <line num="82" count="0" type="stmt"/>
        <line num="86" count="0" type="stmt"/>
      </file>
    </package>
    <package name="src.database">
      <metrics statements="7" coveredstatements="7" conditionals="0" coveredconditionals="0" methods="0" coveredmethods="0"/>
      <file name="BaseDatabase.ts" path="/home/gabrielwenchenck/alves-Gabriel-Carvalho/modulo6/case-amaro/src/database/BaseDatabase.ts">
        <metrics statements="7" coveredstatements="7" conditionals="0" coveredconditionals="0" methods="0" coveredmethods="0"/>
        <line num="1" count="2" type="stmt"/>
        <line num="2" count="2" type="stmt"/>
        <line num="4" count="2" type="stmt"/>
        <line num="6" count="2" type="stmt"/>
        <line num="7" count="2" type="stmt"/>
        <line num="9" count="2" type="stmt"/>
        <line num="10" count="2" type="stmt"/>
      </file>
    </package>
    <package name="src.database.migrations">
      <metrics statements="8" coveredstatements="7" conditionals="0" coveredconditionals="0" methods="1" coveredmethods="1"/>
      <file name="data.ts" path="/home/gabrielwenchenck/alves-Gabriel-Carvalho/modulo6/case-amaro/src/database/migrations/data.ts">
        <metrics statements="8" coveredstatements="7" conditionals="0" coveredconditionals="0" methods="1" coveredmethods="1"/>
        <line num="2" count="2" type="stmt"/>
        <line num="3" count="2" type="stmt"/>
        <line num="6" count="2" type="stmt"/>
        <line num="7" count="2" type="stmt"/>
        <line num="8" count="2" type="stmt"/>
        <line num="10" count="0" type="stmt"/>
        <line num="14" count="2" type="stmt"/>
        <line num="16" count="2" type="stmt"/>
      </file>
    </package>
    <package name="src.errors">
      <metrics statements="9" coveredstatements="8" conditionals="2" coveredconditionals="0" methods="3" coveredmethods="2"/>
      <file name="AuthenticationError.ts" path="/home/gabrielwenchenck/alves-Gabriel-Carvalho/modulo6/case-amaro/src/errors/AuthenticationError.ts">
        <metrics statements="3" coveredstatements="3" conditionals="1" coveredconditionals="0" methods="1" coveredmethods="1"/>
        <line num="1" count="2" type="stmt"/>
        <line num="3" count="2" type="stmt"/>
        <line num="5" count="1" type="stmt"/>
      </file>
      <file name="BaseError.ts" path="/home/gabrielwenchenck/alves-Gabriel-Carvalho/modulo6/case-amaro/src/errors/BaseError.ts">
        <metrics statements="3" coveredstatements="3" conditionals="0" coveredconditionals="0" methods="1" coveredmethods="1"/>
        <line num="1" count="2" type="stmt"/>
        <line num="2" count="1" type="stmt"/>
        <line num="3" count="1" type="stmt"/>
      </file>
      <file name="NotFoundError.ts" path="/home/gabrielwenchenck/alves-Gabriel-Carvalho/modulo6/case-amaro/src/errors/NotFoundError.ts">
        <metrics statements="3" coveredstatements="2" conditionals="1" coveredconditionals="0" methods="1" coveredmethods="0"/>
        <line num="1" count="2" type="stmt"/>
        <line num="3" count="2" type="stmt"/>
        <line num="5" count="0" type="stmt"/>
      </file>
    </package>
    <package name="src.models">
      <metrics statements="15" coveredstatements="4" conditionals="0" coveredconditionals="0" methods="6" coveredmethods="2"/>
      <file name="Products.ts" path="/home/gabrielwenchenck/alves-Gabriel-Carvalho/modulo6/case-amaro/src/models/Products.ts">
        <metrics statements="15" coveredstatements="4" conditionals="0" coveredconditionals="0" methods="6" coveredmethods="2"/>
        <line num="38" count="2" type="stmt"/>
        <line num="40" count="0" type="stmt"/>
        <line num="41" count="0" type="stmt"/>
        <line num="42" count="0" type="stmt"/>
        <line num="44" count="0" type="stmt"/>
        <line num="45" count="0" type="stmt"/>
        <line num="48" count="0" type="stmt"/>
        <line num="49" count="0" type="stmt"/>
        <line num="52" count="0" type="stmt"/>
        <line num="53" count="0" type="stmt"/>
        <line num="56" count="2" type="stmt"/>
        <line num="57" count="1" type="stmt"/>
        <line num="58" count="1" type="stmt"/>
        <line num="64" count="0" type="stmt"/>
        <line num="69" count="0" type="stmt"/>
      </file>
    </package>
    <package name="tests.mocks">
      <metrics statements="24" coveredstatements="24" conditionals="2" coveredconditionals="2" methods="8" coveredmethods="8"/>
      <file name="AuthenticatorMock.ts" path="/home/gabrielwenchenck/alves-Gabriel-Carvalho/modulo6/case-amaro/tests/mocks/AuthenticatorMock.ts">
        <metrics statements="8" coveredstatements="8" conditionals="2" coveredconditionals="2" methods="3" coveredmethods="3"/>
        <line num="1" count="2" type="stmt"/>
        <line num="2" count="2" type="stmt"/>
        <line num="3" count="1" type="stmt"/>
        <line num="6" count="2" type="stmt"/>
        <line num="7" count="2" type="cond" truecount="2" falsecount="0"/>
        <line num="9" count="1" type="stmt"/>
        <line num="11" count="1" type="stmt"/>
        <line num="14" count="1" type="stmt"/>
      </file>
      <file name="IdGeneratorMock.ts" path="/home/gabrielwenchenck/alves-Gabriel-Carvalho/modulo6/case-amaro/tests/mocks/IdGeneratorMock.ts">
        <metrics statements="3" coveredstatements="3" conditionals="0" coveredconditionals="0" methods="2" coveredmethods="2"/>
        <line num="1" count="2" type="stmt"/>
        <line num="2" count="2" type="stmt"/>
        <line num="3" count="1" type="stmt"/>
      </file>
      <file name="ProductDatabaseMock.ts" path="/home/gabrielwenchenck/alves-Gabriel-Carvalho/modulo6/case-amaro/tests/mocks/ProductDatabaseMock.ts">
        <metrics statements="13" coveredstatements="13" conditionals="0" coveredconditionals="0" methods="3" coveredmethods="3"/>
        <line num="3" count="2" type="stmt"/>
        <line num="5" count="2" type="stmt"/>
        <line num="6" count="2" type="stmt"/>
        <line num="7" count="2" type="stmt"/>
        <line num="9" count="2" type="stmt"/>
        <line num="15" count="2" type="stmt"/>
        <line num="18" count="1" type="stmt"/>
        <line num="19" count="1" type="stmt"/>
        <line num="20" count="1" type="stmt"/>
        <line num="21" count="1" type="stmt"/>
        <line num="22" count="1" type="stmt"/>
        <line num="24" count="1" type="stmt"/>
        <line num="36" count="1" type="stmt"/>
      </file>
    </package>
  </project>
</coverage>
