TN:
SF:src/business/ProductBusiness.ts
FN:16,(anonymous_0)
FN:22,(anonymous_1)
FN:23,(anonymous_2)
FN:26,(anonymous_3)
FN:30,(anonymous_4)
FN:49,(anonymous_5)
FNF:6
FNH:6
FNDA:2,(anonymous_0)
FNDA:1,(anonymous_1)
FNDA:25,(anonymous_2)
FNDA:25,(anonymous_3)
FNDA:25,(anonymous_4)
FNDA:2,(anonymous_5)
DA:1,2
DA:10,2
DA:12,2
DA:13,2
DA:15,2
DA:17,2
DA:18,2
DA:19,2
DA:22,2
DA:23,1
DA:24,25
DA:26,1
DA:27,25
DA:30,1
DA:31,25
DA:34,1
DA:35,25
DA:38,1
DA:40,1
DA:42,1
DA:46,1
DA:49,2
DA:50,2
DA:51,2
DA:52,2
DA:53,2
DA:54,2
DA:55,2
DA:57,2
DA:59,2
DA:61,2
DA:62,1
DA:65,1
DA:73,1
DA:76,1
DA:77,0
DA:80,1
DA:82,0
DA:86,0
LF:39
LH:36
BRDA:51,0,0,2
BRDA:51,0,1,2
BRDA:52,1,0,2
BRDA:52,1,1,0
BRDA:53,2,0,2
BRDA:53,2,1,0
BRDA:54,3,0,2
BRDA:54,3,1,0
BRDA:55,4,0,2
BRDA:55,4,1,0
BRDA:61,5,0,1
BRDA:76,6,0,0
BRF:12
BRH:7
end_of_record
TN:
SF:src/database/BaseDatabase.ts
FNF:0
FNH:0
DA:1,2
DA:2,2
DA:4,2
DA:6,2
DA:7,2
DA:9,2
DA:10,2
LF:7
LH:7
BRF:0
BRH:0
end_of_record
TN:
SF:src/database/migrations/data.ts
FN:5,readFileJson
FNF:1
FNH:1
FNDA:2,readFileJson
DA:2,2
DA:3,2
DA:6,2
DA:7,2
DA:8,2
DA:10,0
DA:14,2
DA:16,2
LF:8
LH:7
BRF:0
BRH:0
end_of_record
TN:
SF:src/errors/AuthenticationError.ts
FN:4,(anonymous_0)
FNF:1
FNH:1
FNDA:1,(anonymous_0)
DA:1,2
DA:3,2
DA:5,1
LF:3
LH:3
BRDA:4,0,0,0
BRF:1
BRH:0
end_of_record
TN:
SF:src/errors/BaseError.ts
FN:2,(anonymous_0)
FNF:1
FNH:1
FNDA:1,(anonymous_0)
DA:1,2
DA:2,1
DA:3,1
LF:3
LH:3
BRF:0
BRH:0
end_of_record
TN:
SF:src/errors/NotFoundError.ts
FN:4,(anonymous_0)
FNF:1
FNH:0
FNDA:0,(anonymous_0)
DA:1,2
DA:3,2
DA:5,0
LF:3
LH:2
BRDA:4,0,0,0
BRF:1
BRH:0
end_of_record
TN:
SF:src/models/Products.ts
FN:39,(anonymous_0)
FN:44,(anonymous_1)
FN:48,(anonymous_2)
FN:52,(anonymous_3)
FN:56,(anonymous_4)
FN:57,(anonymous_5)
FNF:6
FNH:2
FNDA:0,(anonymous_0)
FNDA:0,(anonymous_1)
FNDA:0,(anonymous_2)
FNDA:0,(anonymous_3)
FNDA:1,(anonymous_4)
FNDA:1,(anonymous_5)
DA:38,2
DA:40,0
DA:41,0
DA:42,0
DA:44,0
DA:45,0
DA:48,0
DA:49,0
DA:52,0
DA:53,0
DA:56,2
DA:57,1
DA:58,1
DA:64,0
DA:69,0
LF:15
LH:4
BRF:0
BRH:0
end_of_record
TN:
SF:tests/mocks/AuthenticatorMock.ts
FN:1,(anonymous_0)
FN:2,(anonymous_1)
FN:6,(anonymous_2)
FNF:3
FNH:3
FNDA:2,(anonymous_0)
FNDA:1,(anonymous_1)
FNDA:2,(anonymous_2)
DA:1,2
DA:2,2
DA:3,1
DA:6,2
DA:7,2
DA:9,1
DA:11,1
DA:14,1
LF:8
LH:8
BRDA:7,0,0,1
BRDA:7,0,1,1
BRF:2
BRH:2
end_of_record
TN:
SF:tests/mocks/IdGeneratorMock.ts
FN:1,(anonymous_0)
FN:2,(anonymous_1)
FNF:2
FNH:2
FNDA:2,(anonymous_0)
FNDA:1,(anonymous_1)
DA:1,2
DA:2,2
DA:3,1
LF:3
LH:3
BRF:0
BRH:0
end_of_record
TN:
SF:tests/mocks/ProductDatabaseMock.ts
FN:5,(anonymous_0)
FN:9,(anonymous_1)
FN:15,(anonymous_2)
FNF:3
FNH:3
FNDA:2,(anonymous_0)
FNDA:25,(anonymous_1)
FNDA:1,(anonymous_2)
DA:3,2
DA:5,2
DA:6,2
DA:7,2
DA:9,2
DA:15,2
DA:18,1
DA:19,1
DA:20,1
DA:21,1
DA:22,1
DA:24,1
DA:36,1
LF:13
LH:13
BRF:0
BRH:0
end_of_record
